<?xml version="1.0" encoding="UTF-8"?>
<testng-results ignored="0" total="1" passed="1" failed="0" skipped="0">
  <reporter-output>
  </reporter-output>
  <suite started-at="2023-05-27T13:59:47 IST" name="Suite" finished-at="2023-05-27T13:59:57 IST" duration-ms="9812">
    <groups>
    </groups>
    <test started-at="2023-05-27T13:59:47 IST" name="Test" finished-at="2023-05-27T13:59:57 IST" duration-ms="9812">
      <class name="gmaillogin.Login">
        <test-method signature="main1()[pri:0, instance:gmaillogin.Login@3a44431a]" started-at="2023-05-27T13:59:47 IST" name="main1" finished-at="2023-05-27T13:59:57 IST" duration-ms="9783" status="PASS">
          <reporter-output>
          </reporter-output>
        </test-method> <!-- main1 -->
      </class> <!-- gmaillogin.Login -->
    </test> <!-- Test -->
  </suite> <!-- Suite -->
</testng-results>
