<?xml version="1.0" encoding="UTF-8"?>
<testng-results ignored="0" total="1" passed="1" failed="0" skipped="0">
  <reporter-output>
  </reporter-output>
  <suite started-at="2023-05-27T13:56:26 IST" name="Default suite" finished-at="2023-05-27T13:56:37 IST" duration-ms="10527">
    <groups>
    </groups>
    <test started-at="2023-05-27T13:56:26 IST" name="Default test" finished-at="2023-05-27T13:56:37 IST" duration-ms="10527">
      <class name="gmaillogin.Login">
        <test-method signature="main1()[pri:0, instance:gmaillogin.Login@242b836]" started-at="2023-05-27T13:56:26 IST" name="main1" finished-at="2023-05-27T13:56:37 IST" duration-ms="10493" status="PASS">
          <reporter-output>
          </reporter-output>
        </test-method> <!-- main1 -->
      </class> <!-- gmaillogin.Login -->
    </test> <!-- Default test -->
  </suite> <!-- Default suite -->
</testng-results>
